<?xml version="1.0" encoding="UTF-8"?>
<!-- Generated by org.testng.reporters.JUnitReportReporter -->
<testsuite skipped="0" hostname="YP1007034LT" name="com.sample.scripts.Invoke" tests="1" failures="0" timestamp="11 Dec 2018 13:48:41 GMT" time="8.002" errors="0">
  <testcase name="invokeApp" time="8.002" classname="com.sample.scripts.Invoke"/>
</testsuite> <!-- com.sample.scripts.Invoke -->
