<?xml version="1.0" encoding="UTF-8"?>
<!-- Generated by org.testng.reporters.JUnitReportReporter -->
<testsuite skipped="0" hostname="YP1007034LT" name="com.sample.scripts.Invoke" tests="1" failures="0" timestamp="11 Dec 2018 14:56:12 GMT" time="14.233" errors="0">
  <testcase name="invokeApp" time="14.233" classname="com.sample.scripts.Invoke"/>
</testsuite> <!-- com.sample.scripts.Invoke -->
